Determining if the pthread_create exist failed with the following output:
Change Dir: /home/mikel/workspace/ros/PacBot/SpyKee/build/CMakeFiles/CMakeTmp

Run Build Command:/usr/bin/make "cmTryCompileExec2667067626/fast"
make[1]: Entering directory `/home/mikel/workspace/ros/PacBot/SpyKee/build/CMakeFiles/CMakeTmp'
/usr/bin/make -f CMakeFiles/cmTryCompileExec2667067626.dir/build.make CMakeFiles/cmTryCompileExec2667067626.dir/build
make[2]: Entering directory `/home/mikel/workspace/ros/PacBot/SpyKee/build/CMakeFiles/CMakeTmp'
/usr/bin/cmake -E cmake_progress_report /home/mikel/workspace/ros/PacBot/SpyKee/build/CMakeFiles/CMakeTmp/CMakeFiles 1
Building C object CMakeFiles/cmTryCompileExec2667067626.dir/CheckSymbolExists.c.o
/usr/bin/cc    -o CMakeFiles/cmTryCompileExec2667067626.dir/CheckSymbolExists.c.o   -c /home/mikel/workspace/ros/PacBot/SpyKee/build/CMakeFiles/CMakeTmp/CheckSymbolExists.c
Linking C executable cmTryCompileExec2667067626
/usr/bin/cmake -E cmake_link_script CMakeFiles/cmTryCompileExec2667067626.dir/link.txt --verbose=1
/usr/bin/cc         CMakeFiles/cmTryCompileExec2667067626.dir/CheckSymbolExists.c.o  -o cmTryCompileExec2667067626 -rdynamic 
CMakeFiles/cmTryCompileExec2667067626.dir/CheckSymbolExists.c.o: In function `main':
CheckSymbolExists.c:(.text+0x16): undefined reference to `pthread_create'
collect2: error: ld returned 1 exit status
make[2]: *** [cmTryCompileExec2667067626] Error 1
make[2]: Leaving directory `/home/mikel/workspace/ros/PacBot/SpyKee/build/CMakeFiles/CMakeTmp'
make[1]: *** [cmTryCompileExec2667067626/fast] Error 2
make[1]: Leaving directory `/home/mikel/workspace/ros/PacBot/SpyKee/build/CMakeFiles/CMakeTmp'

File /home/mikel/workspace/ros/PacBot/SpyKee/build/CMakeFiles/CMakeTmp/CheckSymbolExists.c:
/* */
#include <pthread.h>

int main(int argc, char** argv)
{
  (void)argv;
#ifndef pthread_create
  return ((int*)(&pthread_create))[argc];
#else
  (void)argc;
  return 0;
#endif
}

Determining if the function pthread_create exists in the pthreads failed with the following output:
Change Dir: /home/mikel/workspace/ros/PacBot/SpyKee/build/CMakeFiles/CMakeTmp

Run Build Command:/usr/bin/make "cmTryCompileExec3364420544/fast"
make[1]: Entering directory `/home/mikel/workspace/ros/PacBot/SpyKee/build/CMakeFiles/CMakeTmp'
/usr/bin/make -f CMakeFiles/cmTryCompileExec3364420544.dir/build.make CMakeFiles/cmTryCompileExec3364420544.dir/build
make[2]: Entering directory `/home/mikel/workspace/ros/PacBot/SpyKee/build/CMakeFiles/CMakeTmp'
/usr/bin/cmake -E cmake_progress_report /home/mikel/workspace/ros/PacBot/SpyKee/build/CMakeFiles/CMakeTmp/CMakeFiles 1
Building C object CMakeFiles/cmTryCompileExec3364420544.dir/CheckFunctionExists.c.o
/usr/bin/cc   -DCHECK_FUNCTION_EXISTS=pthread_create   -o CMakeFiles/cmTryCompileExec3364420544.dir/CheckFunctionExists.c.o   -c /usr/share/cmake-2.8/Modules/CheckFunctionExists.c
Linking C executable cmTryCompileExec3364420544
/usr/bin/cmake -E cmake_link_script CMakeFiles/cmTryCompileExec3364420544.dir/link.txt --verbose=1
/usr/bin/cc     -DCHECK_FUNCTION_EXISTS=pthread_create    CMakeFiles/cmTryCompileExec3364420544.dir/CheckFunctionExists.c.o  -o cmTryCompileExec3364420544 -rdynamic -lpthreads 
/usr/bin/ld: cannot find -lpthreads
collect2: error: ld returned 1 exit status
make[2]: *** [cmTryCompileExec3364420544] Error 1
make[2]: Leaving directory `/home/mikel/workspace/ros/PacBot/SpyKee/build/CMakeFiles/CMakeTmp'
make[1]: *** [cmTryCompileExec3364420544/fast] Error 2
make[1]: Leaving directory `/home/mikel/workspace/ros/PacBot/SpyKee/build/CMakeFiles/CMakeTmp'


