Determining if the pthread_create exist failed with the following output:
Change Dir: /home/mikel/workspace/ros/PacBot/PhantomRobot/build/CMakeFiles/CMakeTmp

Run Build Command:/usr/bin/make "cmTryCompileExec756280840/fast"
make[1]: Entering directory `/home/mikel/workspace/ros/PacBot/PhantomRobot/build/CMakeFiles/CMakeTmp'
/usr/bin/make -f CMakeFiles/cmTryCompileExec756280840.dir/build.make CMakeFiles/cmTryCompileExec756280840.dir/build
make[2]: Entering directory `/home/mikel/workspace/ros/PacBot/PhantomRobot/build/CMakeFiles/CMakeTmp'
/usr/bin/cmake -E cmake_progress_report /home/mikel/workspace/ros/PacBot/PhantomRobot/build/CMakeFiles/CMakeTmp/CMakeFiles 1
Building C object CMakeFiles/cmTryCompileExec756280840.dir/CheckSymbolExists.c.o
/usr/bin/cc    -o CMakeFiles/cmTryCompileExec756280840.dir/CheckSymbolExists.c.o   -c /home/mikel/workspace/ros/PacBot/PhantomRobot/build/CMakeFiles/CMakeTmp/CheckSymbolExists.c
Linking C executable cmTryCompileExec756280840
/usr/bin/cmake -E cmake_link_script CMakeFiles/cmTryCompileExec756280840.dir/link.txt --verbose=1
/usr/bin/cc         CMakeFiles/cmTryCompileExec756280840.dir/CheckSymbolExists.c.o  -o cmTryCompileExec756280840 -rdynamic 
CMakeFiles/cmTryCompileExec756280840.dir/CheckSymbolExists.c.o: In function `main':
CheckSymbolExists.c:(.text+0x16): undefined reference to `pthread_create'
collect2: error: ld returned 1 exit status
make[2]: *** [cmTryCompileExec756280840] Error 1
make[2]: Leaving directory `/home/mikel/workspace/ros/PacBot/PhantomRobot/build/CMakeFiles/CMakeTmp'
make[1]: *** [cmTryCompileExec756280840/fast] Error 2
make[1]: Leaving directory `/home/mikel/workspace/ros/PacBot/PhantomRobot/build/CMakeFiles/CMakeTmp'

File /home/mikel/workspace/ros/PacBot/PhantomRobot/build/CMakeFiles/CMakeTmp/CheckSymbolExists.c:
/* */
#include <pthread.h>

int main(int argc, char** argv)
{
  (void)argv;
#ifndef pthread_create
  return ((int*)(&pthread_create))[argc];
#else
  (void)argc;
  return 0;
#endif
}

Determining if the function pthread_create exists in the pthreads failed with the following output:
Change Dir: /home/mikel/workspace/ros/PacBot/PhantomRobot/build/CMakeFiles/CMakeTmp

Run Build Command:/usr/bin/make "cmTryCompileExec3911938310/fast"
make[1]: Entering directory `/home/mikel/workspace/ros/PacBot/PhantomRobot/build/CMakeFiles/CMakeTmp'
/usr/bin/make -f CMakeFiles/cmTryCompileExec3911938310.dir/build.make CMakeFiles/cmTryCompileExec3911938310.dir/build
make[2]: Entering directory `/home/mikel/workspace/ros/PacBot/PhantomRobot/build/CMakeFiles/CMakeTmp'
/usr/bin/cmake -E cmake_progress_report /home/mikel/workspace/ros/PacBot/PhantomRobot/build/CMakeFiles/CMakeTmp/CMakeFiles 1
Building C object CMakeFiles/cmTryCompileExec3911938310.dir/CheckFunctionExists.c.o
/usr/bin/cc   -DCHECK_FUNCTION_EXISTS=pthread_create   -o CMakeFiles/cmTryCompileExec3911938310.dir/CheckFunctionExists.c.o   -c /usr/share/cmake-2.8/Modules/CheckFunctionExists.c
Linking C executable cmTryCompileExec3911938310
/usr/bin/cmake -E cmake_link_script CMakeFiles/cmTryCompileExec3911938310.dir/link.txt --verbose=1
/usr/bin/cc     -DCHECK_FUNCTION_EXISTS=pthread_create    CMakeFiles/cmTryCompileExec3911938310.dir/CheckFunctionExists.c.o  -o cmTryCompileExec3911938310 -rdynamic -lpthreads 
/usr/bin/ld: cannot find -lpthreads
collect2: error: ld returned 1 exit status
make[2]: *** [cmTryCompileExec3911938310] Error 1
make[2]: Leaving directory `/home/mikel/workspace/ros/PacBot/PhantomRobot/build/CMakeFiles/CMakeTmp'
make[1]: Leaving directory `/home/mikel/workspace/ros/PacBot/PhantomRobot/build/CMakeFiles/CMakeTmp'
make[1]: *** [cmTryCompileExec3911938310/fast] Error 2


